<?xml version="1.0" encoding="UTF-8"?>
<!-- Generated by org.testng.reporters.JUnitReportReporter -->
<testsuite hostname="IT-PF2ZZQSP" failures="0" tests="1" name="tests.MusalaTest" time="121.405" errors="0" timestamp="2022-04-01T21:33:58 EET" skipped="0">
  <testcase classname="tests.MusalaTest" name="facebookCompanyPage" time="121.405"/>
  <system-out/>
</testsuite> <!-- tests.MusalaTest -->
